<?xml version="1.0" encoding="UTF-8"?>
<!-- Generated by org.testng.reporters.JUnitReportReporter -->
<testsuite hostname="DESKTOP-AS64A89" failures="0" tests="1" name="tests.test02" time="2.546" errors="0" timestamp="2023-11-03T14:02:29 PET" skipped="0">
  <testcase classname="tests.test02" name="testCase02" time="2.546"/>
  <system-out/>
</testsuite> <!-- tests.test02 -->
