<?xml version="1.0" encoding="UTF-8"?>
<!-- Generated by org.testng.reporters.JUnitReportReporter -->
<testsuite hostname="DESKTOP-AS64A89" failures="0" tests="1" name="tests.test04" time="1.933" errors="0" timestamp="2023-11-03T14:02:45 PET" skipped="0">
  <testcase classname="tests.test04" name="testCase04" time="1.933"/>
  <system-out/>
</testsuite> <!-- tests.test04 -->
