<?xml version="1.0" encoding="UTF-8"?>
<!-- Generated by org.testng.reporters.JUnitReportReporter -->
<testsuite hostname="DESKTOP-AS64A89" failures="0" tests="1" name="tests.test03" time="2.539" errors="0" timestamp="2023-11-03T14:02:38 PET" skipped="0">
  <testcase classname="tests.test03" name="testCase03" time="2.539"/>
  <system-out/>
</testsuite> <!-- tests.test03 -->
