<?xml version="1.0" encoding="UTF-8"?>
<!-- Generated by org.testng.reporters.JUnitReportReporter -->
<testsuite hostname="DESKTOP-AS64A89" failures="0" tests="1" name="tests.test01" time="2.657" errors="0" timestamp="2023-11-03T14:02:17 PET" skipped="0">
  <testcase classname="tests.test01" name="testCase01" time="2.657"/>
  <system-out/>
</testsuite> <!-- tests.test01 -->
