<?xml version="1.0" encoding="UTF-8"?>
<!-- Generated by org.testng.reporters.JUnitReportReporter -->
<testsuite hostname="DESKTOP-AS64A89" failures="0" tests="1" name="tests.test04" time="2.145" errors="0" timestamp="2023-11-04T00:38:46 PET" skipped="0">
  <testcase classname="tests.test04" name="testCase04" time="2.145"/>
  <system-out/>
</testsuite> <!-- tests.test04 -->
